2026-03-03 09:54:40.465 INFO  org.glowroot - Glowroot version: 0.14.4, built 2025-05-07 00:19:18 +0000
2026-03-03 09:54:40.503 INFO  org.glowroot - Java version: 21.0.10 (Eclipse Adoptium / Linux)
2026-03-03 09:54:40.505 INFO  org.glowroot - Java args: -javaagent:/opt/glowroot/glowroot.jar
2026-03-03 09:54:52.563 INFO  org.glowroot - UI listening on 0.0.0.0:4000
2026-03-03 09:57:38.833 ERROR o.g.a.e.s.o.g.ui.CommonHandler - java.lang.UnsupportedOperationException
java.util.concurrent.ExecutionException: java.lang.UnsupportedOperationException
	at java.base/java.util.concurrent.CompletableFuture.reportGet(Unknown Source)
	at java.base/java.util.concurrent.CompletableFuture.get(Unknown Source)
	at org.glowroot.agent.embedded.shaded.org.glowroot.ui.TransactionJsonService.getPercentiles(TransactionJsonService.java:156)
	at java.base/jdk.internal.reflect.DirectMethodHandleAccessor.invoke(Unknown Source)
	at java.base/java.lang.reflect.Method.invoke(Unknown Source)
	at org.glowroot.agent.embedded.shaded.org.glowroot.ui.CommonHandler.callMethod(CommonHandler.java:585)
	at org.glowroot.agent.embedded.shaded.org.glowroot.ui.CommonHandler.handleJsonServiceMappings(CommonHandler.java:324)
	at org.glowroot.agent.embedded.shaded.org.glowroot.ui.CommonHandler.handleRequest(CommonHandler.java:235)
	at org.glowroot.agent.embedded.shaded.org.glowroot.ui.CommonHandler.handle(CommonHandler.java:159)
	at org.glowroot.agent.embedded.shaded.org.glowroot.ui.HttpServerHandler.channelRead(HttpServerHandler.java:128)
	at org.glowroot.agent.shaded.io.netty.channel.AbstractChannelHandlerContext.invokeChannelRead(AbstractChannelHandlerContext.java:444)
	at org.glowroot.agent.shaded.io.netty.channel.AbstractChannelHandlerContext.invokeChannelRead(AbstractChannelHandlerContext.java:420)
	at org.glowroot.agent.shaded.io.netty.channel.AbstractChannelHandlerContext.fireChannelRead(AbstractChannelHandlerContext.java:412)
	at org.glowroot.agent.shaded.io.netty.handler.codec.MessageToMessageDecoder.channelRead(MessageToMessageDecoder.java:103)
	at org.glowroot.agent.shaded.io.netty.handler.codec.MessageToMessageCodec.channelRead(MessageToMessageCodec.java:111)
	at org.glowroot.agent.shaded.io.netty.channel.AbstractChannelHandlerContext.invokeChannelRead(AbstractChannelHandlerContext.java:442)
	at org.glowroot.agent.shaded.io.netty.channel.AbstractChannelHandlerContext.invokeChannelRead(AbstractChannelHandlerContext.java:420)
	at org.glowroot.agent.shaded.io.netty.channel.AbstractChannelHandlerContext.fireChannelRead(AbstractChannelHandlerContext.java:412)
	at org.glowroot.agent.shaded.io.netty.handler.codec.MessageToMessageDecoder.channelRead(MessageToMessageDecoder.java:103)
	at org.glowroot.agent.shaded.io.netty.channel.AbstractChannelHandlerContext.invokeChannelRead(AbstractChannelHandlerContext.java:444)
	at org.glowroot.agent.shaded.io.netty.channel.AbstractChannelHandlerContext.invokeChannelRead(AbstractChannelHandlerContext.java:420)
	at org.glowroot.agent.shaded.io.netty.channel.AbstractChannelHandlerContext.fireChannelRead(AbstractChannelHandlerContext.java:412)
	at org.glowroot.agent.shaded.io.netty.channel.CombinedChannelDuplexHandler$DelegatingChannelHandlerContext.fireChannelRead(CombinedChannelDuplexHandler.java:436)
	at org.glowroot.agent.shaded.io.netty.handler.codec.ByteToMessageDecoder.fireChannelRead(ByteToMessageDecoder.java:346)
	at org.glowroot.agent.shaded.io.netty.handler.codec.ByteToMessageDecoder.channelRead(ByteToMessageDecoder.java:318)
	at org.glowroot.agent.shaded.io.netty.channel.CombinedChannelDuplexHandler.channelRead(CombinedChannelDuplexHandler.java:251)
	at org.glowroot.agent.shaded.io.netty.channel.AbstractChannelHandlerContext.invokeChannelRead(AbstractChannelHandlerContext.java:442)
	at org.glowroot.agent.shaded.io.netty.channel.AbstractChannelHandlerContext.invokeChannelRead(AbstractChannelHandlerContext.java:420)
	at org.glowroot.agent.shaded.io.netty.channel.AbstractChannelHandlerContext.fireChannelRead(AbstractChannelHandlerContext.java:412)
	at org.glowroot.agent.shaded.io.netty.channel.DefaultChannelPipeline$HeadContext.channelRead(DefaultChannelPipeline.java:1407)
	at org.glowroot.agent.shaded.io.netty.channel.AbstractChannelHandlerContext.invokeChannelRead(AbstractChannelHandlerContext.java:440)
	at org.glowroot.agent.shaded.io.netty.channel.AbstractChannelHandlerContext.invokeChannelRead(AbstractChannelHandlerContext.java:420)
	at org.glowroot.agent.shaded.io.netty.channel.DefaultChannelPipeline.fireChannelRead(DefaultChannelPipeline.java:918)
	at org.glowroot.agent.shaded.io.netty.channel.nio.AbstractNioByteChannel$NioByteUnsafe.read(AbstractNioByteChannel.java:166)
	at org.glowroot.agent.shaded.io.netty.channel.nio.NioEventLoop.processSelectedKey(NioEventLoop.java:788)
	at org.glowroot.agent.shaded.io.netty.channel.nio.NioEventLoop.processSelectedKeysOptimized(NioEventLoop.java:724)
	at org.glowroot.agent.shaded.io.netty.channel.nio.NioEventLoop.processSelectedKeys(NioEventLoop.java:650)
	at org.glowroot.agent.shaded.io.netty.channel.nio.NioEventLoop.run(NioEventLoop.java:562)
	at org.glowroot.agent.shaded.io.netty.util.concurrent.SingleThreadEventExecutor$4.run(SingleThreadEventExecutor.java:994)
	at org.glowroot.agent.shaded.io.netty.util.internal.ThreadExecutorMap$2.run(ThreadExecutorMap.java:74)
	at java.base/java.lang.Thread.run(Unknown Source)
Caused by: java.lang.UnsupportedOperationException: null
	at org.glowroot.agent.shaded.com.google.common.collect.ImmutableCollection.addAll(ImmutableCollection.java:297)
	at org.glowroot.agent.embedded.shaded.org.glowroot.ui.TransactionCommonService.lambda$getPercentileAggregates$6(TransactionCommonService.java:230)
	at java.base/java.util.concurrent.CompletableFuture.uniApplyNow(Unknown Source)
	at java.base/java.util.concurrent.CompletableFuture.uniApplyStage(Unknown Source)
	at java.base/java.util.concurrent.CompletableFuture.thenApply(Unknown Source)
	at org.glowroot.agent.embedded.shaded.org.glowroot.ui.TransactionCommonService.lambda$getPercentileAggregates$7(TransactionCommonService.java:228)
	at java.base/java.util.concurrent.CompletableFuture.uniComposeStage(Unknown Source)
	at java.base/java.util.concurrent.CompletableFuture.thenCompose(Unknown Source)
	at java.base/java.util.concurrent.CompletableFuture.thenCompose(Unknown Source)
	at org.glowroot.agent.embedded.shaded.org.glowroot.ui.TransactionCommonService.getPercentileAggregates(TransactionCommonService.java:203)
	... 39 common frames omitted
2026-03-03 09:57:40.837 ERROR o.g.a.e.s.o.g.ui.CommonHandler - java.lang.UnsupportedOperationException
java.util.concurrent.ExecutionException: java.lang.UnsupportedOperationException
	at java.base/java.util.concurrent.CompletableFuture.reportGet(Unknown Source)
	at java.base/java.util.concurrent.CompletableFuture.get(Unknown Source)
	at org.glowroot.agent.embedded.shaded.org.glowroot.ui.TransactionJsonService.getPercentiles(TransactionJsonService.java:156)
	at java.base/jdk.internal.reflect.DirectMethodHandleAccessor.invoke(Unknown Source)
	at java.base/java.lang.reflect.Method.invoke(Unknown Source)
	at org.glowroot.agent.embedded.shaded.org.glowroot.ui.CommonHandler.callMethod(CommonHandler.java:585)
	at org.glowroot.agent.embedded.shaded.org.glowroot.ui.CommonHandler.handleJsonServiceMappings(CommonHandler.java:324)
	at org.glowroot.agent.embedded.shaded.org.glowroot.ui.CommonHandler.handleRequest(CommonHandler.java:235)
	at org.glowroot.agent.embedded.shaded.org.glowroot.ui.CommonHandler.handle(CommonHandler.java:159)
	at org.glowroot.agent.embedded.shaded.org.glowroot.ui.HttpServerHandler.channelRead(HttpServerHandler.java:128)
	at org.glowroot.agent.shaded.io.netty.channel.AbstractChannelHandlerContext.invokeChannelRead(AbstractChannelHandlerContext.java:444)
	at org.glowroot.agent.shaded.io.netty.channel.AbstractChannelHandlerContext.invokeChannelRead(AbstractChannelHandlerContext.java:420)
	at org.glowroot.agent.shaded.io.netty.channel.AbstractChannelHandlerContext.fireChannelRead(AbstractChannelHandlerContext.java:412)
	at org.glowroot.agent.shaded.io.netty.handler.codec.MessageToMessageDecoder.channelRead(MessageToMessageDecoder.java:103)
	at org.glowroot.agent.shaded.io.netty.handler.codec.MessageToMessageCodec.channelRead(MessageToMessageCodec.java:111)
	at org.glowroot.agent.shaded.io.netty.channel.AbstractChannelHandlerContext.invokeChannelRead(AbstractChannelHandlerContext.java:442)
	at org.glowroot.agent.shaded.io.netty.channel.AbstractChannelHandlerContext.invokeChannelRead(AbstractChannelHandlerContext.java:420)
	at org.glowroot.agent.shaded.io.netty.channel.AbstractChannelHandlerContext.fireChannelRead(AbstractChannelHandlerContext.java:412)
	at org.glowroot.agent.shaded.io.netty.handler.codec.MessageToMessageDecoder.channelRead(MessageToMessageDecoder.java:103)
	at org.glowroot.agent.shaded.io.netty.channel.AbstractChannelHandlerContext.invokeChannelRead(AbstractChannelHandlerContext.java:444)
	at org.glowroot.agent.shaded.io.netty.channel.AbstractChannelHandlerContext.invokeChannelRead(AbstractChannelHandlerContext.java:420)
	at org.glowroot.agent.shaded.io.netty.channel.AbstractChannelHandlerContext.fireChannelRead(AbstractChannelHandlerContext.java:412)
	at org.glowroot.agent.shaded.io.netty.channel.CombinedChannelDuplexHandler$DelegatingChannelHandlerContext.fireChannelRead(CombinedChannelDuplexHandler.java:436)
	at org.glowroot.agent.shaded.io.netty.handler.codec.ByteToMessageDecoder.fireChannelRead(ByteToMessageDecoder.java:346)
	at org.glowroot.agent.shaded.io.netty.handler.codec.ByteToMessageDecoder.channelRead(ByteToMessageDecoder.java:318)
	at org.glowroot.agent.shaded.io.netty.channel.CombinedChannelDuplexHandler.channelRead(CombinedChannelDuplexHandler.java:251)
	at org.glowroot.agent.shaded.io.netty.channel.AbstractChannelHandlerContext.invokeChannelRead(AbstractChannelHandlerContext.java:442)
	at org.glowroot.agent.shaded.io.netty.channel.AbstractChannelHandlerContext.invokeChannelRead(AbstractChannelHandlerContext.java:420)
	at org.glowroot.agent.shaded.io.netty.channel.AbstractChannelHandlerContext.fireChannelRead(AbstractChannelHandlerContext.java:412)
	at org.glowroot.agent.shaded.io.netty.channel.DefaultChannelPipeline$HeadContext.channelRead(DefaultChannelPipeline.java:1407)
	at org.glowroot.agent.shaded.io.netty.channel.AbstractChannelHandlerContext.invokeChannelRead(AbstractChannelHandlerContext.java:440)
	at org.glowroot.agent.shaded.io.netty.channel.AbstractChannelHandlerContext.invokeChannelRead(AbstractChannelHandlerContext.java:420)
	at org.glowroot.agent.shaded.io.netty.channel.DefaultChannelPipeline.fireChannelRead(DefaultChannelPipeline.java:918)
	at org.glowroot.agent.shaded.io.netty.channel.nio.AbstractNioByteChannel$NioByteUnsafe.read(AbstractNioByteChannel.java:166)
	at org.glowroot.agent.shaded.io.netty.channel.nio.NioEventLoop.processSelectedKey(NioEventLoop.java:788)
	at org.glowroot.agent.shaded.io.netty.channel.nio.NioEventLoop.processSelectedKeysOptimized(NioEventLoop.java:724)
	at org.glowroot.agent.shaded.io.netty.channel.nio.NioEventLoop.processSelectedKeys(NioEventLoop.java:650)
	at org.glowroot.agent.shaded.io.netty.channel.nio.NioEventLoop.run(NioEventLoop.java:562)
	at org.glowroot.agent.shaded.io.netty.util.concurrent.SingleThreadEventExecutor$4.run(SingleThreadEventExecutor.java:994)
	at org.glowroot.agent.shaded.io.netty.util.internal.ThreadExecutorMap$2.run(ThreadExecutorMap.java:74)
	at java.base/java.lang.Thread.run(Unknown Source)
Caused by: java.lang.UnsupportedOperationException: null
	at org.glowroot.agent.shaded.com.google.common.collect.ImmutableCollection.addAll(ImmutableCollection.java:297)
	at org.glowroot.agent.embedded.shaded.org.glowroot.ui.TransactionCommonService.lambda$getPercentileAggregates$6(TransactionCommonService.java:230)
	at java.base/java.util.concurrent.CompletableFuture.uniApplyNow(Unknown Source)
	at java.base/java.util.concurrent.CompletableFuture.uniApplyStage(Unknown Source)
	at java.base/java.util.concurrent.CompletableFuture.thenApply(Unknown Source)
	at org.glowroot.agent.embedded.shaded.org.glowroot.ui.TransactionCommonService.lambda$getPercentileAggregates$7(TransactionCommonService.java:228)
	at java.base/java.util.concurrent.CompletableFuture.uniComposeStage(Unknown Source)
	at java.base/java.util.concurrent.CompletableFuture.thenCompose(Unknown Source)
	at java.base/java.util.concurrent.CompletableFuture.thenCompose(Unknown Source)
	at org.glowroot.agent.embedded.shaded.org.glowroot.ui.TransactionCommonService.getPercentileAggregates(TransactionCommonService.java:203)
	... 39 common frames omitted
2026-03-03 09:57:41.444 ERROR o.g.a.e.s.o.g.ui.CommonHandler - java.lang.UnsupportedOperationException
java.util.concurrent.ExecutionException: java.lang.UnsupportedOperationException
	at java.base/java.util.concurrent.CompletableFuture.reportGet(Unknown Source)
	at java.base/java.util.concurrent.CompletableFuture.get(Unknown Source)
	at org.glowroot.agent.embedded.shaded.org.glowroot.ui.TransactionJsonService.getPercentiles(TransactionJsonService.java:156)
	at java.base/jdk.internal.reflect.DirectMethodHandleAccessor.invoke(Unknown Source)
	at java.base/java.lang.reflect.Method.invoke(Unknown Source)
	at org.glowroot.agent.embedded.shaded.org.glowroot.ui.CommonHandler.callMethod(CommonHandler.java:585)
	at org.glowroot.agent.embedded.shaded.org.glowroot.ui.CommonHandler.handleJsonServiceMappings(CommonHandler.java:324)
	at org.glowroot.agent.embedded.shaded.org.glowroot.ui.CommonHandler.handleRequest(CommonHandler.java:235)
	at org.glowroot.agent.embedded.shaded.org.glowroot.ui.CommonHandler.handle(CommonHandler.java:159)
	at org.glowroot.agent.embedded.shaded.org.glowroot.ui.HttpServerHandler.channelRead(HttpServerHandler.java:128)
	at org.glowroot.agent.shaded.io.netty.channel.AbstractChannelHandlerContext.invokeChannelRead(AbstractChannelHandlerContext.java:444)
	at org.glowroot.agent.shaded.io.netty.channel.AbstractChannelHandlerContext.invokeChannelRead(AbstractChannelHandlerContext.java:420)
	at org.glowroot.agent.shaded.io.netty.channel.AbstractChannelHandlerContext.fireChannelRead(AbstractChannelHandlerContext.java:412)
	at org.glowroot.agent.shaded.io.netty.handler.codec.MessageToMessageDecoder.channelRead(MessageToMessageDecoder.java:103)
	at org.glowroot.agent.shaded.io.netty.handler.codec.MessageToMessageCodec.channelRead(MessageToMessageCodec.java:111)
	at org.glowroot.agent.shaded.io.netty.channel.AbstractChannelHandlerContext.invokeChannelRead(AbstractChannelHandlerContext.java:442)
	at org.glowroot.agent.shaded.io.netty.channel.AbstractChannelHandlerContext.invokeChannelRead(AbstractChannelHandlerContext.java:420)
	at org.glowroot.agent.shaded.io.netty.channel.AbstractChannelHandlerContext.fireChannelRead(AbstractChannelHandlerContext.java:412)
	at org.glowroot.agent.shaded.io.netty.handler.codec.MessageToMessageDecoder.channelRead(MessageToMessageDecoder.java:103)
	at org.glowroot.agent.shaded.io.netty.channel.AbstractChannelHandlerContext.invokeChannelRead(AbstractChannelHandlerContext.java:444)
	at org.glowroot.agent.shaded.io.netty.channel.AbstractChannelHandlerContext.invokeChannelRead(AbstractChannelHandlerContext.java:420)
	at org.glowroot.agent.shaded.io.netty.channel.AbstractChannelHandlerContext.fireChannelRead(AbstractChannelHandlerContext.java:412)
	at org.glowroot.agent.shaded.io.netty.channel.CombinedChannelDuplexHandler$DelegatingChannelHandlerContext.fireChannelRead(CombinedChannelDuplexHandler.java:436)
	at org.glowroot.agent.shaded.io.netty.handler.codec.ByteToMessageDecoder.fireChannelRead(ByteToMessageDecoder.java:346)
	at org.glowroot.agent.shaded.io.netty.handler.codec.ByteToMessageDecoder.channelRead(ByteToMessageDecoder.java:318)
	at org.glowroot.agent.shaded.io.netty.channel.CombinedChannelDuplexHandler.channelRead(CombinedChannelDuplexHandler.java:251)
	at org.glowroot.agent.shaded.io.netty.channel.AbstractChannelHandlerContext.invokeChannelRead(AbstractChannelHandlerContext.java:442)
	at org.glowroot.agent.shaded.io.netty.channel.AbstractChannelHandlerContext.invokeChannelRead(AbstractChannelHandlerContext.java:420)
	at org.glowroot.agent.shaded.io.netty.channel.AbstractChannelHandlerContext.fireChannelRead(AbstractChannelHandlerContext.java:412)
	at org.glowroot.agent.shaded.io.netty.channel.DefaultChannelPipeline$HeadContext.channelRead(DefaultChannelPipeline.java:1407)
	at org.glowroot.agent.shaded.io.netty.channel.AbstractChannelHandlerContext.invokeChannelRead(AbstractChannelHandlerContext.java:440)
	at org.glowroot.agent.shaded.io.netty.channel.AbstractChannelHandlerContext.invokeChannelRead(AbstractChannelHandlerContext.java:420)
	at org.glowroot.agent.shaded.io.netty.channel.DefaultChannelPipeline.fireChannelRead(DefaultChannelPipeline.java:918)
	at org.glowroot.agent.shaded.io.netty.channel.nio.AbstractNioByteChannel$NioByteUnsafe.read(AbstractNioByteChannel.java:166)
	at org.glowroot.agent.shaded.io.netty.channel.nio.NioEventLoop.processSelectedKey(NioEventLoop.java:788)
	at org.glowroot.agent.shaded.io.netty.channel.nio.NioEventLoop.processSelectedKeysOptimized(NioEventLoop.java:724)
	at org.glowroot.agent.shaded.io.netty.channel.nio.NioEventLoop.processSelectedKeys(NioEventLoop.java:650)
	at org.glowroot.agent.shaded.io.netty.channel.nio.NioEventLoop.run(NioEventLoop.java:562)
	at org.glowroot.agent.shaded.io.netty.util.concurrent.SingleThreadEventExecutor$4.run(SingleThreadEventExecutor.java:994)
	at org.glowroot.agent.shaded.io.netty.util.internal.ThreadExecutorMap$2.run(ThreadExecutorMap.java:74)
	at java.base/java.lang.Thread.run(Unknown Source)
Caused by: java.lang.UnsupportedOperationException: null
	at org.glowroot.agent.shaded.com.google.common.collect.ImmutableCollection.addAll(ImmutableCollection.java:297)
	at org.glowroot.agent.embedded.shaded.org.glowroot.ui.TransactionCommonService.lambda$getPercentileAggregates$6(TransactionCommonService.java:230)
	at java.base/java.util.concurrent.CompletableFuture.uniApplyNow(Unknown Source)
	at java.base/java.util.concurrent.CompletableFuture.uniApplyStage(Unknown Source)
	at java.base/java.util.concurrent.CompletableFuture.thenApply(Unknown Source)
	at org.glowroot.agent.embedded.shaded.org.glowroot.ui.TransactionCommonService.lambda$getPercentileAggregates$7(TransactionCommonService.java:228)
	at java.base/java.util.concurrent.CompletableFuture.uniComposeStage(Unknown Source)
	at java.base/java.util.concurrent.CompletableFuture.thenCompose(Unknown Source)
	at java.base/java.util.concurrent.CompletableFuture.thenCompose(Unknown Source)
	at org.glowroot.agent.embedded.shaded.org.glowroot.ui.TransactionCommonService.getPercentileAggregates(TransactionCommonService.java:203)
	... 39 common frames omitted
2026-03-03 09:57:44.636 ERROR o.g.a.e.s.o.g.ui.CommonHandler - java.lang.UnsupportedOperationException
java.util.concurrent.ExecutionException: java.lang.UnsupportedOperationException
	at java.base/java.util.concurrent.CompletableFuture.reportGet(Unknown Source)
	at java.base/java.util.concurrent.CompletableFuture.get(Unknown Source)
	at org.glowroot.agent.embedded.shaded.org.glowroot.ui.TransactionJsonService.getPercentiles(TransactionJsonService.java:156)
	at java.base/jdk.internal.reflect.DirectMethodHandleAccessor.invoke(Unknown Source)
	at java.base/java.lang.reflect.Method.invoke(Unknown Source)
	at org.glowroot.agent.embedded.shaded.org.glowroot.ui.CommonHandler.callMethod(CommonHandler.java:585)
	at org.glowroot.agent.embedded.shaded.org.glowroot.ui.CommonHandler.handleJsonServiceMappings(CommonHandler.java:324)
	at org.glowroot.agent.embedded.shaded.org.glowroot.ui.CommonHandler.handleRequest(CommonHandler.java:235)
	at org.glowroot.agent.embedded.shaded.org.glowroot.ui.CommonHandler.handle(CommonHandler.java:159)
	at org.glowroot.agent.embedded.shaded.org.glowroot.ui.HttpServerHandler.channelRead(HttpServerHandler.java:128)
	at org.glowroot.agent.shaded.io.netty.channel.AbstractChannelHandlerContext.invokeChannelRead(AbstractChannelHandlerContext.java:444)
	at org.glowroot.agent.shaded.io.netty.channel.AbstractChannelHandlerContext.invokeChannelRead(AbstractChannelHandlerContext.java:420)
	at org.glowroot.agent.shaded.io.netty.channel.AbstractChannelHandlerContext.fireChannelRead(AbstractChannelHandlerContext.java:412)
	at org.glowroot.agent.shaded.io.netty.handler.codec.MessageToMessageDecoder.channelRead(MessageToMessageDecoder.java:103)
	at org.glowroot.agent.shaded.io.netty.handler.codec.MessageToMessageCodec.channelRead(MessageToMessageCodec.java:111)
	at org.glowroot.agent.shaded.io.netty.channel.AbstractChannelHandlerContext.invokeChannelRead(AbstractChannelHandlerContext.java:442)
	at org.glowroot.agent.shaded.io.netty.channel.AbstractChannelHandlerContext.invokeChannelRead(AbstractChannelHandlerContext.java:420)
	at org.glowroot.agent.shaded.io.netty.channel.AbstractChannelHandlerContext.fireChannelRead(AbstractChannelHandlerContext.java:412)
	at org.glowroot.agent.shaded.io.netty.handler.codec.MessageToMessageDecoder.channelRead(MessageToMessageDecoder.java:103)
	at org.glowroot.agent.shaded.io.netty.channel.AbstractChannelHandlerContext.invokeChannelRead(AbstractChannelHandlerContext.java:444)
	at org.glowroot.agent.shaded.io.netty.channel.AbstractChannelHandlerContext.invokeChannelRead(AbstractChannelHandlerContext.java:420)
	at org.glowroot.agent.shaded.io.netty.channel.AbstractChannelHandlerContext.fireChannelRead(AbstractChannelHandlerContext.java:412)
	at org.glowroot.agent.shaded.io.netty.channel.CombinedChannelDuplexHandler$DelegatingChannelHandlerContext.fireChannelRead(CombinedChannelDuplexHandler.java:436)
	at org.glowroot.agent.shaded.io.netty.handler.codec.ByteToMessageDecoder.fireChannelRead(ByteToMessageDecoder.java:346)
	at org.glowroot.agent.shaded.io.netty.handler.codec.ByteToMessageDecoder.channelRead(ByteToMessageDecoder.java:318)
	at org.glowroot.agent.shaded.io.netty.channel.CombinedChannelDuplexHandler.channelRead(CombinedChannelDuplexHandler.java:251)
	at org.glowroot.agent.shaded.io.netty.channel.AbstractChannelHandlerContext.invokeChannelRead(AbstractChannelHandlerContext.java:442)
	at org.glowroot.agent.shaded.io.netty.channel.AbstractChannelHandlerContext.invokeChannelRead(AbstractChannelHandlerContext.java:420)
	at org.glowroot.agent.shaded.io.netty.channel.AbstractChannelHandlerContext.fireChannelRead(AbstractChannelHandlerContext.java:412)
	at org.glowroot.agent.shaded.io.netty.channel.DefaultChannelPipeline$HeadContext.channelRead(DefaultChannelPipeline.java:1407)
	at org.glowroot.agent.shaded.io.netty.channel.AbstractChannelHandlerContext.invokeChannelRead(AbstractChannelHandlerContext.java:440)
	at org.glowroot.agent.shaded.io.netty.channel.AbstractChannelHandlerContext.invokeChannelRead(AbstractChannelHandlerContext.java:420)
	at org.glowroot.agent.shaded.io.netty.channel.DefaultChannelPipeline.fireChannelRead(DefaultChannelPipeline.java:918)
	at org.glowroot.agent.shaded.io.netty.channel.nio.AbstractNioByteChannel$NioByteUnsafe.read(AbstractNioByteChannel.java:166)
	at org.glowroot.agent.shaded.io.netty.channel.nio.NioEventLoop.processSelectedKey(NioEventLoop.java:788)
	at org.glowroot.agent.shaded.io.netty.channel.nio.NioEventLoop.processSelectedKeysOptimized(NioEventLoop.java:724)
	at org.glowroot.agent.shaded.io.netty.channel.nio.NioEventLoop.processSelectedKeys(NioEventLoop.java:650)
	at org.glowroot.agent.shaded.io.netty.channel.nio.NioEventLoop.run(NioEventLoop.java:562)
	at org.glowroot.agent.shaded.io.netty.util.concurrent.SingleThreadEventExecutor$4.run(SingleThreadEventExecutor.java:994)
	at org.glowroot.agent.shaded.io.netty.util.internal.ThreadExecutorMap$2.run(ThreadExecutorMap.java:74)
	at java.base/java.lang.Thread.run(Unknown Source)
Caused by: java.lang.UnsupportedOperationException: null
	at org.glowroot.agent.shaded.com.google.common.collect.ImmutableCollection.addAll(ImmutableCollection.java:297)
	at org.glowroot.agent.embedded.shaded.org.glowroot.ui.TransactionCommonService.lambda$getPercentileAggregates$6(TransactionCommonService.java:230)
	at java.base/java.util.concurrent.CompletableFuture.uniApplyNow(Unknown Source)
	at java.base/java.util.concurrent.CompletableFuture.uniApplyStage(Unknown Source)
	at java.base/java.util.concurrent.CompletableFuture.thenApply(Unknown Source)
	at org.glowroot.agent.embedded.shaded.org.glowroot.ui.TransactionCommonService.lambda$getPercentileAggregates$7(TransactionCommonService.java:228)
	at java.base/java.util.concurrent.CompletableFuture.uniComposeStage(Unknown Source)
	at java.base/java.util.concurrent.CompletableFuture.thenCompose(Unknown Source)
	at java.base/java.util.concurrent.CompletableFuture.thenCompose(Unknown Source)
	at org.glowroot.agent.embedded.shaded.org.glowroot.ui.TransactionCommonService.getPercentileAggregates(TransactionCommonService.java:203)
	... 39 common frames omitted
2026-03-03 09:58:04.549 ERROR o.g.a.e.s.o.g.ui.CommonHandler - java.lang.UnsupportedOperationException
java.util.concurrent.ExecutionException: java.lang.UnsupportedOperationException
	at java.base/java.util.concurrent.CompletableFuture.reportGet(Unknown Source)
	at java.base/java.util.concurrent.CompletableFuture.get(Unknown Source)
	at org.glowroot.agent.embedded.shaded.org.glowroot.ui.TransactionJsonService.getPercentiles(TransactionJsonService.java:156)
	at java.base/jdk.internal.reflect.DirectMethodHandleAccessor.invoke(Unknown Source)
	at java.base/java.lang.reflect.Method.invoke(Unknown Source)
	at org.glowroot.agent.embedded.shaded.org.glowroot.ui.CommonHandler.callMethod(CommonHandler.java:585)
	at org.glowroot.agent.embedded.shaded.org.glowroot.ui.CommonHandler.handleJsonServiceMappings(CommonHandler.java:324)
	at org.glowroot.agent.embedded.shaded.org.glowroot.ui.CommonHandler.handleRequest(CommonHandler.java:235)
	at org.glowroot.agent.embedded.shaded.org.glowroot.ui.CommonHandler.handle(CommonHandler.java:159)
	at org.glowroot.agent.embedded.shaded.org.glowroot.ui.HttpServerHandler.channelRead(HttpServerHandler.java:128)
	at org.glowroot.agent.shaded.io.netty.channel.AbstractChannelHandlerContext.invokeChannelRead(AbstractChannelHandlerContext.java:444)
	at org.glowroot.agent.shaded.io.netty.channel.AbstractChannelHandlerContext.invokeChannelRead(AbstractChannelHandlerContext.java:420)
	at org.glowroot.agent.shaded.io.netty.channel.AbstractChannelHandlerContext.fireChannelRead(AbstractChannelHandlerContext.java:412)
	at org.glowroot.agent.shaded.io.netty.handler.codec.MessageToMessageDecoder.channelRead(MessageToMessageDecoder.java:103)
	at org.glowroot.agent.shaded.io.netty.handler.codec.MessageToMessageCodec.channelRead(MessageToMessageCodec.java:111)
	at org.glowroot.agent.shaded.io.netty.channel.AbstractChannelHandlerContext.invokeChannelRead(AbstractChannelHandlerContext.java:442)
	at org.glowroot.agent.shaded.io.netty.channel.AbstractChannelHandlerContext.invokeChannelRead(AbstractChannelHandlerContext.java:420)
	at org.glowroot.agent.shaded.io.netty.channel.AbstractChannelHandlerContext.fireChannelRead(AbstractChannelHandlerContext.java:412)
	at org.glowroot.agent.shaded.io.netty.handler.codec.MessageToMessageDecoder.channelRead(MessageToMessageDecoder.java:103)
	at org.glowroot.agent.shaded.io.netty.channel.AbstractChannelHandlerContext.invokeChannelRead(AbstractChannelHandlerContext.java:444)
	at org.glowroot.agent.shaded.io.netty.channel.AbstractChannelHandlerContext.invokeChannelRead(AbstractChannelHandlerContext.java:420)
	at org.glowroot.agent.shaded.io.netty.channel.AbstractChannelHandlerContext.fireChannelRead(AbstractChannelHandlerContext.java:412)
	at org.glowroot.agent.shaded.io.netty.channel.CombinedChannelDuplexHandler$DelegatingChannelHandlerContext.fireChannelRead(CombinedChannelDuplexHandler.java:436)
	at org.glowroot.agent.shaded.io.netty.handler.codec.ByteToMessageDecoder.fireChannelRead(ByteToMessageDecoder.java:346)
	at org.glowroot.agent.shaded.io.netty.handler.codec.ByteToMessageDecoder.channelRead(ByteToMessageDecoder.java:318)
	at org.glowroot.agent.shaded.io.netty.channel.CombinedChannelDuplexHandler.channelRead(CombinedChannelDuplexHandler.java:251)
	at org.glowroot.agent.shaded.io.netty.channel.AbstractChannelHandlerContext.invokeChannelRead(AbstractChannelHandlerContext.java:442)
	at org.glowroot.agent.shaded.io.netty.channel.AbstractChannelHandlerContext.invokeChannelRead(AbstractChannelHandlerContext.java:420)
	at org.glowroot.agent.shaded.io.netty.channel.AbstractChannelHandlerContext.fireChannelRead(AbstractChannelHandlerContext.java:412)
	at org.glowroot.agent.shaded.io.netty.channel.DefaultChannelPipeline$HeadContext.channelRead(DefaultChannelPipeline.java:1407)
	at org.glowroot.agent.shaded.io.netty.channel.AbstractChannelHandlerContext.invokeChannelRead(AbstractChannelHandlerContext.java:440)
	at org.glowroot.agent.shaded.io.netty.channel.AbstractChannelHandlerContext.invokeChannelRead(AbstractChannelHandlerContext.java:420)
	at org.glowroot.agent.shaded.io.netty.channel.DefaultChannelPipeline.fireChannelRead(DefaultChannelPipeline.java:918)
	at org.glowroot.agent.shaded.io.netty.channel.nio.AbstractNioByteChannel$NioByteUnsafe.read(AbstractNioByteChannel.java:166)
	at org.glowroot.agent.shaded.io.netty.channel.nio.NioEventLoop.processSelectedKey(NioEventLoop.java:788)
	at org.glowroot.agent.shaded.io.netty.channel.nio.NioEventLoop.processSelectedKeysOptimized(NioEventLoop.java:724)
	at org.glowroot.agent.shaded.io.netty.channel.nio.NioEventLoop.processSelectedKeys(NioEventLoop.java:650)
	at org.glowroot.agent.shaded.io.netty.channel.nio.NioEventLoop.run(NioEventLoop.java:562)
	at org.glowroot.agent.shaded.io.netty.util.concurrent.SingleThreadEventExecutor$4.run(SingleThreadEventExecutor.java:994)
	at org.glowroot.agent.shaded.io.netty.util.internal.ThreadExecutorMap$2.run(ThreadExecutorMap.java:74)
	at java.base/java.lang.Thread.run(Unknown Source)
Caused by: java.lang.UnsupportedOperationException: null
	at org.glowroot.agent.shaded.com.google.common.collect.ImmutableCollection.addAll(ImmutableCollection.java:297)
	at org.glowroot.agent.embedded.shaded.org.glowroot.ui.TransactionCommonService.lambda$getPercentileAggregates$6(TransactionCommonService.java:230)
	at java.base/java.util.concurrent.CompletableFuture.uniApplyNow(Unknown Source)
	at java.base/java.util.concurrent.CompletableFuture.uniApplyStage(Unknown Source)
	at java.base/java.util.concurrent.CompletableFuture.thenApply(Unknown Source)
	at org.glowroot.agent.embedded.shaded.org.glowroot.ui.TransactionCommonService.lambda$getPercentileAggregates$7(TransactionCommonService.java:228)
	at java.base/java.util.concurrent.CompletableFuture.uniComposeStage(Unknown Source)
	at java.base/java.util.concurrent.CompletableFuture.thenCompose(Unknown Source)
	at java.base/java.util.concurrent.CompletableFuture.thenCompose(Unknown Source)
	at org.glowroot.agent.embedded.shaded.org.glowroot.ui.TransactionCommonService.getPercentileAggregates(TransactionCommonService.java:203)
	... 39 common frames omitted
2026-03-03 09:58:06.794 ERROR o.g.a.e.s.o.g.ui.CommonHandler - java.lang.UnsupportedOperationException
java.util.concurrent.ExecutionException: java.lang.UnsupportedOperationException
	at java.base/java.util.concurrent.CompletableFuture.reportGet(Unknown Source)
	at java.base/java.util.concurrent.CompletableFuture.get(Unknown Source)
	at org.glowroot.agent.embedded.shaded.org.glowroot.ui.TransactionJsonService.getPercentiles(TransactionJsonService.java:156)
	at java.base/jdk.internal.reflect.DirectMethodHandleAccessor.invoke(Unknown Source)
	at java.base/java.lang.reflect.Method.invoke(Unknown Source)
	at org.glowroot.agent.embedded.shaded.org.glowroot.ui.CommonHandler.callMethod(CommonHandler.java:585)
	at org.glowroot.agent.embedded.shaded.org.glowroot.ui.CommonHandler.handleJsonServiceMappings(CommonHandler.java:324)
	at org.glowroot.agent.embedded.shaded.org.glowroot.ui.CommonHandler.handleRequest(CommonHandler.java:235)
	at org.glowroot.agent.embedded.shaded.org.glowroot.ui.CommonHandler.handle(CommonHandler.java:159)
	at org.glowroot.agent.embedded.shaded.org.glowroot.ui.HttpServerHandler.channelRead(HttpServerHandler.java:128)
	at org.glowroot.agent.shaded.io.netty.channel.AbstractChannelHandlerContext.invokeChannelRead(AbstractChannelHandlerContext.java:444)
	at org.glowroot.agent.shaded.io.netty.channel.AbstractChannelHandlerContext.invokeChannelRead(AbstractChannelHandlerContext.java:420)
	at org.glowroot.agent.shaded.io.netty.channel.AbstractChannelHandlerContext.fireChannelRead(AbstractChannelHandlerContext.java:412)
	at org.glowroot.agent.shaded.io.netty.handler.codec.MessageToMessageDecoder.channelRead(MessageToMessageDecoder.java:103)
	at org.glowroot.agent.shaded.io.netty.handler.codec.MessageToMessageCodec.channelRead(MessageToMessageCodec.java:111)
	at org.glowroot.agent.shaded.io.netty.channel.AbstractChannelHandlerContext.invokeChannelRead(AbstractChannelHandlerContext.java:442)
	at org.glowroot.agent.shaded.io.netty.channel.AbstractChannelHandlerContext.invokeChannelRead(AbstractChannelHandlerContext.java:420)
	at org.glowroot.agent.shaded.io.netty.channel.AbstractChannelHandlerContext.fireChannelRead(AbstractChannelHandlerContext.java:412)
	at org.glowroot.agent.shaded.io.netty.handler.codec.MessageToMessageDecoder.channelRead(MessageToMessageDecoder.java:103)
	at org.glowroot.agent.shaded.io.netty.channel.AbstractChannelHandlerContext.invokeChannelRead(AbstractChannelHandlerContext.java:444)
	at org.glowroot.agent.shaded.io.netty.channel.AbstractChannelHandlerContext.invokeChannelRead(AbstractChannelHandlerContext.java:420)
	at org.glowroot.agent.shaded.io.netty.channel.AbstractChannelHandlerContext.fireChannelRead(AbstractChannelHandlerContext.java:412)
	at org.glowroot.agent.shaded.io.netty.channel.CombinedChannelDuplexHandler$DelegatingChannelHandlerContext.fireChannelRead(CombinedChannelDuplexHandler.java:436)
	at org.glowroot.agent.shaded.io.netty.handler.codec.ByteToMessageDecoder.fireChannelRead(ByteToMessageDecoder.java:346)
	at org.glowroot.agent.shaded.io.netty.handler.codec.ByteToMessageDecoder.channelRead(ByteToMessageDecoder.java:318)
	at org.glowroot.agent.shaded.io.netty.channel.CombinedChannelDuplexHandler.channelRead(CombinedChannelDuplexHandler.java:251)
	at org.glowroot.agent.shaded.io.netty.channel.AbstractChannelHandlerContext.invokeChannelRead(AbstractChannelHandlerContext.java:442)
	at org.glowroot.agent.shaded.io.netty.channel.AbstractChannelHandlerContext.invokeChannelRead(AbstractChannelHandlerContext.java:420)
	at org.glowroot.agent.shaded.io.netty.channel.AbstractChannelHandlerContext.fireChannelRead(AbstractChannelHandlerContext.java:412)
	at org.glowroot.agent.shaded.io.netty.channel.DefaultChannelPipeline$HeadContext.channelRead(DefaultChannelPipeline.java:1407)
	at org.glowroot.agent.shaded.io.netty.channel.AbstractChannelHandlerContext.invokeChannelRead(AbstractChannelHandlerContext.java:440)
	at org.glowroot.agent.shaded.io.netty.channel.AbstractChannelHandlerContext.invokeChannelRead(AbstractChannelHandlerContext.java:420)
	at org.glowroot.agent.shaded.io.netty.channel.DefaultChannelPipeline.fireChannelRead(DefaultChannelPipeline.java:918)
	at org.glowroot.agent.shaded.io.netty.channel.nio.AbstractNioByteChannel$NioByteUnsafe.read(AbstractNioByteChannel.java:166)
	at org.glowroot.agent.shaded.io.netty.channel.nio.NioEventLoop.processSelectedKey(NioEventLoop.java:788)
	at org.glowroot.agent.shaded.io.netty.channel.nio.NioEventLoop.processSelectedKeysOptimized(NioEventLoop.java:724)
	at org.glowroot.agent.shaded.io.netty.channel.nio.NioEventLoop.processSelectedKeys(NioEventLoop.java:650)
	at org.glowroot.agent.shaded.io.netty.channel.nio.NioEventLoop.run(NioEventLoop.java:562)
	at org.glowroot.agent.shaded.io.netty.util.concurrent.SingleThreadEventExecutor$4.run(SingleThreadEventExecutor.java:994)
	at org.glowroot.agent.shaded.io.netty.util.internal.ThreadExecutorMap$2.run(ThreadExecutorMap.java:74)
	at java.base/java.lang.Thread.run(Unknown Source)
Caused by: java.lang.UnsupportedOperationException: null
	at org.glowroot.agent.shaded.com.google.common.collect.ImmutableCollection.addAll(ImmutableCollection.java:297)
	at org.glowroot.agent.embedded.shaded.org.glowroot.ui.TransactionCommonService.lambda$getPercentileAggregates$6(TransactionCommonService.java:230)
	at java.base/java.util.concurrent.CompletableFuture.uniApplyNow(Unknown Source)
	at java.base/java.util.concurrent.CompletableFuture.uniApplyStage(Unknown Source)
	at java.base/java.util.concurrent.CompletableFuture.thenApply(Unknown Source)
	at org.glowroot.agent.embedded.shaded.org.glowroot.ui.TransactionCommonService.lambda$getPercentileAggregates$7(TransactionCommonService.java:228)
	at java.base/java.util.concurrent.CompletableFuture.uniComposeStage(Unknown Source)
	at java.base/java.util.concurrent.CompletableFuture.thenCompose(Unknown Source)
	at java.base/java.util.concurrent.CompletableFuture.thenCompose(Unknown Source)
	at org.glowroot.agent.embedded.shaded.org.glowroot.ui.TransactionCommonService.getPercentileAggregates(TransactionCommonService.java:203)
	... 39 common frames omitted
2026-03-03 10:00:09.750 ERROR o.g.a.e.s.o.g.ui.CommonHandler - java.lang.UnsupportedOperationException
java.util.concurrent.ExecutionException: java.lang.UnsupportedOperationException
	at java.base/java.util.concurrent.CompletableFuture.reportGet(Unknown Source)
	at java.base/java.util.concurrent.CompletableFuture.get(Unknown Source)
	at org.glowroot.agent.embedded.shaded.org.glowroot.ui.TransactionJsonService.getPercentiles(TransactionJsonService.java:156)
	at java.base/jdk.internal.reflect.DirectMethodHandleAccessor.invoke(Unknown Source)
	at java.base/java.lang.reflect.Method.invoke(Unknown Source)
	at org.glowroot.agent.embedded.shaded.org.glowroot.ui.CommonHandler.callMethod(CommonHandler.java:585)
	at org.glowroot.agent.embedded.shaded.org.glowroot.ui.CommonHandler.handleJsonServiceMappings(CommonHandler.java:324)
	at org.glowroot.agent.embedded.shaded.org.glowroot.ui.CommonHandler.handleRequest(CommonHandler.java:235)
	at org.glowroot.agent.embedded.shaded.org.glowroot.ui.CommonHandler.handle(CommonHandler.java:159)
	at org.glowroot.agent.embedded.shaded.org.glowroot.ui.HttpServerHandler.channelRead(HttpServerHandler.java:128)
	at org.glowroot.agent.shaded.io.netty.channel.AbstractChannelHandlerContext.invokeChannelRead(AbstractChannelHandlerContext.java:444)
	at org.glowroot.agent.shaded.io.netty.channel.AbstractChannelHandlerContext.invokeChannelRead(AbstractChannelHandlerContext.java:420)
	at org.glowroot.agent.shaded.io.netty.channel.AbstractChannelHandlerContext.fireChannelRead(AbstractChannelHandlerContext.java:412)
	at org.glowroot.agent.shaded.io.netty.handler.codec.MessageToMessageDecoder.channelRead(MessageToMessageDecoder.java:103)
	at org.glowroot.agent.shaded.io.netty.handler.codec.MessageToMessageCodec.channelRead(MessageToMessageCodec.java:111)
	at org.glowroot.agent.shaded.io.netty.channel.AbstractChannelHandlerContext.invokeChannelRead(AbstractChannelHandlerContext.java:442)
	at org.glowroot.agent.shaded.io.netty.channel.AbstractChannelHandlerContext.invokeChannelRead(AbstractChannelHandlerContext.java:420)
	at org.glowroot.agent.shaded.io.netty.channel.AbstractChannelHandlerContext.fireChannelRead(AbstractChannelHandlerContext.java:412)
	at org.glowroot.agent.shaded.io.netty.handler.codec.MessageToMessageDecoder.channelRead(MessageToMessageDecoder.java:103)
	at org.glowroot.agent.shaded.io.netty.channel.AbstractChannelHandlerContext.invokeChannelRead(AbstractChannelHandlerContext.java:444)
	at org.glowroot.agent.shaded.io.netty.channel.AbstractChannelHandlerContext.invokeChannelRead(AbstractChannelHandlerContext.java:420)
	at org.glowroot.agent.shaded.io.netty.channel.AbstractChannelHandlerContext.fireChannelRead(AbstractChannelHandlerContext.java:412)
	at org.glowroot.agent.shaded.io.netty.channel.CombinedChannelDuplexHandler$DelegatingChannelHandlerContext.fireChannelRead(CombinedChannelDuplexHandler.java:436)
	at org.glowroot.agent.shaded.io.netty.handler.codec.ByteToMessageDecoder.fireChannelRead(ByteToMessageDecoder.java:346)
	at org.glowroot.agent.shaded.io.netty.handler.codec.ByteToMessageDecoder.channelRead(ByteToMessageDecoder.java:318)
	at org.glowroot.agent.shaded.io.netty.channel.CombinedChannelDuplexHandler.channelRead(CombinedChannelDuplexHandler.java:251)
	at org.glowroot.agent.shaded.io.netty.channel.AbstractChannelHandlerContext.invokeChannelRead(AbstractChannelHandlerContext.java:442)
	at org.glowroot.agent.shaded.io.netty.channel.AbstractChannelHandlerContext.invokeChannelRead(AbstractChannelHandlerContext.java:420)
	at org.glowroot.agent.shaded.io.netty.channel.AbstractChannelHandlerContext.fireChannelRead(AbstractChannelHandlerContext.java:412)
	at org.glowroot.agent.shaded.io.netty.channel.DefaultChannelPipeline$HeadContext.channelRead(DefaultChannelPipeline.java:1407)
	at org.glowroot.agent.shaded.io.netty.channel.AbstractChannelHandlerContext.invokeChannelRead(AbstractChannelHandlerContext.java:440)
	at org.glowroot.agent.shaded.io.netty.channel.AbstractChannelHandlerContext.invokeChannelRead(AbstractChannelHandlerContext.java:420)
	at org.glowroot.agent.shaded.io.netty.channel.DefaultChannelPipeline.fireChannelRead(DefaultChannelPipeline.java:918)
	at org.glowroot.agent.shaded.io.netty.channel.nio.AbstractNioByteChannel$NioByteUnsafe.read(AbstractNioByteChannel.java:166)
	at org.glowroot.agent.shaded.io.netty.channel.nio.NioEventLoop.processSelectedKey(NioEventLoop.java:788)
	at org.glowroot.agent.shaded.io.netty.channel.nio.NioEventLoop.processSelectedKeysOptimized(NioEventLoop.java:724)
	at org.glowroot.agent.shaded.io.netty.channel.nio.NioEventLoop.processSelectedKeys(NioEventLoop.java:650)
	at org.glowroot.agent.shaded.io.netty.channel.nio.NioEventLoop.run(NioEventLoop.java:562)
	at org.glowroot.agent.shaded.io.netty.util.concurrent.SingleThreadEventExecutor$4.run(SingleThreadEventExecutor.java:994)
	at org.glowroot.agent.shaded.io.netty.util.internal.ThreadExecutorMap$2.run(ThreadExecutorMap.java:74)
	at java.base/java.lang.Thread.run(Unknown Source)
Caused by: java.lang.UnsupportedOperationException: null
	at org.glowroot.agent.shaded.com.google.common.collect.ImmutableCollection.addAll(ImmutableCollection.java:297)
	at org.glowroot.agent.embedded.shaded.org.glowroot.ui.TransactionCommonService.lambda$getPercentileAggregates$6(TransactionCommonService.java:230)
	at java.base/java.util.concurrent.CompletableFuture.uniApplyNow(Unknown Source)
	at java.base/java.util.concurrent.CompletableFuture.uniApplyStage(Unknown Source)
	at java.base/java.util.concurrent.CompletableFuture.thenApply(Unknown Source)
	at org.glowroot.agent.embedded.shaded.org.glowroot.ui.TransactionCommonService.lambda$getPercentileAggregates$7(TransactionCommonService.java:228)
	at java.base/java.util.concurrent.CompletableFuture.uniComposeStage(Unknown Source)
	at java.base/java.util.concurrent.CompletableFuture.thenCompose(Unknown Source)
	at java.base/java.util.concurrent.CompletableFuture.thenCompose(Unknown Source)
	at org.glowroot.agent.embedded.shaded.org.glowroot.ui.TransactionCommonService.getPercentileAggregates(TransactionCommonService.java:203)
	... 39 common frames omitted
2026-03-03 10:00:11.259 ERROR o.g.a.e.s.o.g.ui.CommonHandler - java.lang.UnsupportedOperationException
java.util.concurrent.ExecutionException: java.lang.UnsupportedOperationException
	at java.base/java.util.concurrent.CompletableFuture.reportGet(Unknown Source)
	at java.base/java.util.concurrent.CompletableFuture.get(Unknown Source)
	at org.glowroot.agent.embedded.shaded.org.glowroot.ui.TransactionJsonService.getPercentiles(TransactionJsonService.java:156)
	at java.base/jdk.internal.reflect.DirectMethodHandleAccessor.invoke(Unknown Source)
	at java.base/java.lang.reflect.Method.invoke(Unknown Source)
	at org.glowroot.agent.embedded.shaded.org.glowroot.ui.CommonHandler.callMethod(CommonHandler.java:585)
	at org.glowroot.agent.embedded.shaded.org.glowroot.ui.CommonHandler.handleJsonServiceMappings(CommonHandler.java:324)
	at org.glowroot.agent.embedded.shaded.org.glowroot.ui.CommonHandler.handleRequest(CommonHandler.java:235)
	at org.glowroot.agent.embedded.shaded.org.glowroot.ui.CommonHandler.handle(CommonHandler.java:159)
	at org.glowroot.agent.embedded.shaded.org.glowroot.ui.HttpServerHandler.channelRead(HttpServerHandler.java:128)
	at org.glowroot.agent.shaded.io.netty.channel.AbstractChannelHandlerContext.invokeChannelRead(AbstractChannelHandlerContext.java:444)
	at org.glowroot.agent.shaded.io.netty.channel.AbstractChannelHandlerContext.invokeChannelRead(AbstractChannelHandlerContext.java:420)
	at org.glowroot.agent.shaded.io.netty.channel.AbstractChannelHandlerContext.fireChannelRead(AbstractChannelHandlerContext.java:412)
	at org.glowroot.agent.shaded.io.netty.handler.codec.MessageToMessageDecoder.channelRead(MessageToMessageDecoder.java:103)
	at org.glowroot.agent.shaded.io.netty.handler.codec.MessageToMessageCodec.channelRead(MessageToMessageCodec.java:111)
	at org.glowroot.agent.shaded.io.netty.channel.AbstractChannelHandlerContext.invokeChannelRead(AbstractChannelHandlerContext.java:442)
	at org.glowroot.agent.shaded.io.netty.channel.AbstractChannelHandlerContext.invokeChannelRead(AbstractChannelHandlerContext.java:420)
	at org.glowroot.agent.shaded.io.netty.channel.AbstractChannelHandlerContext.fireChannelRead(AbstractChannelHandlerContext.java:412)
	at org.glowroot.agent.shaded.io.netty.handler.codec.MessageToMessageDecoder.channelRead(MessageToMessageDecoder.java:103)
	at org.glowroot.agent.shaded.io.netty.channel.AbstractChannelHandlerContext.invokeChannelRead(AbstractChannelHandlerContext.java:444)
	at org.glowroot.agent.shaded.io.netty.channel.AbstractChannelHandlerContext.invokeChannelRead(AbstractChannelHandlerContext.java:420)
	at org.glowroot.agent.shaded.io.netty.channel.AbstractChannelHandlerContext.fireChannelRead(AbstractChannelHandlerContext.java:412)
	at org.glowroot.agent.shaded.io.netty.channel.CombinedChannelDuplexHandler$DelegatingChannelHandlerContext.fireChannelRead(CombinedChannelDuplexHandler.java:436)
	at org.glowroot.agent.shaded.io.netty.handler.codec.ByteToMessageDecoder.fireChannelRead(ByteToMessageDecoder.java:346)
	at org.glowroot.agent.shaded.io.netty.handler.codec.ByteToMessageDecoder.channelRead(ByteToMessageDecoder.java:318)
	at org.glowroot.agent.shaded.io.netty.channel.CombinedChannelDuplexHandler.channelRead(CombinedChannelDuplexHandler.java:251)
	at org.glowroot.agent.shaded.io.netty.channel.AbstractChannelHandlerContext.invokeChannelRead(AbstractChannelHandlerContext.java:442)
	at org.glowroot.agent.shaded.io.netty.channel.AbstractChannelHandlerContext.invokeChannelRead(AbstractChannelHandlerContext.java:420)
	at org.glowroot.agent.shaded.io.netty.channel.AbstractChannelHandlerContext.fireChannelRead(AbstractChannelHandlerContext.java:412)
	at org.glowroot.agent.shaded.io.netty.channel.DefaultChannelPipeline$HeadContext.channelRead(DefaultChannelPipeline.java:1407)
	at org.glowroot.agent.shaded.io.netty.channel.AbstractChannelHandlerContext.invokeChannelRead(AbstractChannelHandlerContext.java:440)
	at org.glowroot.agent.shaded.io.netty.channel.AbstractChannelHandlerContext.invokeChannelRead(AbstractChannelHandlerContext.java:420)
	at org.glowroot.agent.shaded.io.netty.channel.DefaultChannelPipeline.fireChannelRead(DefaultChannelPipeline.java:918)
	at org.glowroot.agent.shaded.io.netty.channel.nio.AbstractNioByteChannel$NioByteUnsafe.read(AbstractNioByteChannel.java:166)
	at org.glowroot.agent.shaded.io.netty.channel.nio.NioEventLoop.processSelectedKey(NioEventLoop.java:788)
	at org.glowroot.agent.shaded.io.netty.channel.nio.NioEventLoop.processSelectedKeysOptimized(NioEventLoop.java:724)
	at org.glowroot.agent.shaded.io.netty.channel.nio.NioEventLoop.processSelectedKeys(NioEventLoop.java:650)
	at org.glowroot.agent.shaded.io.netty.channel.nio.NioEventLoop.run(NioEventLoop.java:562)
	at org.glowroot.agent.shaded.io.netty.util.concurrent.SingleThreadEventExecutor$4.run(SingleThreadEventExecutor.java:994)
	at org.glowroot.agent.shaded.io.netty.util.internal.ThreadExecutorMap$2.run(ThreadExecutorMap.java:74)
	at java.base/java.lang.Thread.run(Unknown Source)
Caused by: java.lang.UnsupportedOperationException: null
	at org.glowroot.agent.shaded.com.google.common.collect.ImmutableCollection.addAll(ImmutableCollection.java:297)
	at org.glowroot.agent.embedded.shaded.org.glowroot.ui.TransactionCommonService.lambda$getPercentileAggregates$6(TransactionCommonService.java:230)
	at java.base/java.util.concurrent.CompletableFuture.uniApplyNow(Unknown Source)
	at java.base/java.util.concurrent.CompletableFuture.uniApplyStage(Unknown Source)
	at java.base/java.util.concurrent.CompletableFuture.thenApply(Unknown Source)
	at org.glowroot.agent.embedded.shaded.org.glowroot.ui.TransactionCommonService.lambda$getPercentileAggregates$7(TransactionCommonService.java:228)
	at java.base/java.util.concurrent.CompletableFuture.uniComposeStage(Unknown Source)
	at java.base/java.util.concurrent.CompletableFuture.thenCompose(Unknown Source)
	at java.base/java.util.concurrent.CompletableFuture.thenCompose(Unknown Source)
	at org.glowroot.agent.embedded.shaded.org.glowroot.ui.TransactionCommonService.getPercentileAggregates(TransactionCommonService.java:203)
	... 39 common frames omitted
2026-03-03 10:00:13.997 ERROR o.g.a.e.s.o.g.ui.CommonHandler - java.lang.UnsupportedOperationException
java.util.concurrent.ExecutionException: java.lang.UnsupportedOperationException
	at java.base/java.util.concurrent.CompletableFuture.reportGet(Unknown Source)
	at java.base/java.util.concurrent.CompletableFuture.get(Unknown Source)
	at org.glowroot.agent.embedded.shaded.org.glowroot.ui.TransactionJsonService.getPercentiles(TransactionJsonService.java:156)
	at java.base/jdk.internal.reflect.DirectMethodHandleAccessor.invoke(Unknown Source)
	at java.base/java.lang.reflect.Method.invoke(Unknown Source)
	at org.glowroot.agent.embedded.shaded.org.glowroot.ui.CommonHandler.callMethod(CommonHandler.java:585)
	at org.glowroot.agent.embedded.shaded.org.glowroot.ui.CommonHandler.handleJsonServiceMappings(CommonHandler.java:324)
	at org.glowroot.agent.embedded.shaded.org.glowroot.ui.CommonHandler.handleRequest(CommonHandler.java:235)
	at org.glowroot.agent.embedded.shaded.org.glowroot.ui.CommonHandler.handle(CommonHandler.java:159)
	at org.glowroot.agent.embedded.shaded.org.glowroot.ui.HttpServerHandler.channelRead(HttpServerHandler.java:128)
	at org.glowroot.agent.shaded.io.netty.channel.AbstractChannelHandlerContext.invokeChannelRead(AbstractChannelHandlerContext.java:444)
	at org.glowroot.agent.shaded.io.netty.channel.AbstractChannelHandlerContext.invokeChannelRead(AbstractChannelHandlerContext.java:420)
	at org.glowroot.agent.shaded.io.netty.channel.AbstractChannelHandlerContext.fireChannelRead(AbstractChannelHandlerContext.java:412)
	at org.glowroot.agent.shaded.io.netty.handler.codec.MessageToMessageDecoder.channelRead(MessageToMessageDecoder.java:103)
	at org.glowroot.agent.shaded.io.netty.handler.codec.MessageToMessageCodec.channelRead(MessageToMessageCodec.java:111)
	at org.glowroot.agent.shaded.io.netty.channel.AbstractChannelHandlerContext.invokeChannelRead(AbstractChannelHandlerContext.java:442)
	at org.glowroot.agent.shaded.io.netty.channel.AbstractChannelHandlerContext.invokeChannelRead(AbstractChannelHandlerContext.java:420)
	at org.glowroot.agent.shaded.io.netty.channel.AbstractChannelHandlerContext.fireChannelRead(AbstractChannelHandlerContext.java:412)
	at org.glowroot.agent.shaded.io.netty.handler.codec.MessageToMessageDecoder.channelRead(MessageToMessageDecoder.java:103)
	at org.glowroot.agent.shaded.io.netty.channel.AbstractChannelHandlerContext.invokeChannelRead(AbstractChannelHandlerContext.java:444)
	at org.glowroot.agent.shaded.io.netty.channel.AbstractChannelHandlerContext.invokeChannelRead(AbstractChannelHandlerContext.java:420)
	at org.glowroot.agent.shaded.io.netty.channel.AbstractChannelHandlerContext.fireChannelRead(AbstractChannelHandlerContext.java:412)
	at org.glowroot.agent.shaded.io.netty.channel.CombinedChannelDuplexHandler$DelegatingChannelHandlerContext.fireChannelRead(CombinedChannelDuplexHandler.java:436)
	at org.glowroot.agent.shaded.io.netty.handler.codec.ByteToMessageDecoder.fireChannelRead(ByteToMessageDecoder.java:346)
	at org.glowroot.agent.shaded.io.netty.handler.codec.ByteToMessageDecoder.channelRead(ByteToMessageDecoder.java:318)
	at org.glowroot.agent.shaded.io.netty.channel.CombinedChannelDuplexHandler.channelRead(CombinedChannelDuplexHandler.java:251)
	at org.glowroot.agent.shaded.io.netty.channel.AbstractChannelHandlerContext.invokeChannelRead(AbstractChannelHandlerContext.java:442)
	at org.glowroot.agent.shaded.io.netty.channel.AbstractChannelHandlerContext.invokeChannelRead(AbstractChannelHandlerContext.java:420)
	at org.glowroot.agent.shaded.io.netty.channel.AbstractChannelHandlerContext.fireChannelRead(AbstractChannelHandlerContext.java:412)
	at org.glowroot.agent.shaded.io.netty.channel.DefaultChannelPipeline$HeadContext.channelRead(DefaultChannelPipeline.java:1407)
	at org.glowroot.agent.shaded.io.netty.channel.AbstractChannelHandlerContext.invokeChannelRead(AbstractChannelHandlerContext.java:440)
	at org.glowroot.agent.shaded.io.netty.channel.AbstractChannelHandlerContext.invokeChannelRead(AbstractChannelHandlerContext.java:420)
	at org.glowroot.agent.shaded.io.netty.channel.DefaultChannelPipeline.fireChannelRead(DefaultChannelPipeline.java:918)
	at org.glowroot.agent.shaded.io.netty.channel.nio.AbstractNioByteChannel$NioByteUnsafe.read(AbstractNioByteChannel.java:166)
	at org.glowroot.agent.shaded.io.netty.channel.nio.NioEventLoop.processSelectedKey(NioEventLoop.java:788)
	at org.glowroot.agent.shaded.io.netty.channel.nio.NioEventLoop.processSelectedKeysOptimized(NioEventLoop.java:724)
	at org.glowroot.agent.shaded.io.netty.channel.nio.NioEventLoop.processSelectedKeys(NioEventLoop.java:650)
	at org.glowroot.agent.shaded.io.netty.channel.nio.NioEventLoop.run(NioEventLoop.java:562)
	at org.glowroot.agent.shaded.io.netty.util.concurrent.SingleThreadEventExecutor$4.run(SingleThreadEventExecutor.java:994)
	at org.glowroot.agent.shaded.io.netty.util.internal.ThreadExecutorMap$2.run(ThreadExecutorMap.java:74)
	at java.base/java.lang.Thread.run(Unknown Source)
Caused by: java.lang.UnsupportedOperationException: null
	at org.glowroot.agent.shaded.com.google.common.collect.ImmutableCollection.addAll(ImmutableCollection.java:297)
	at org.glowroot.agent.embedded.shaded.org.glowroot.ui.TransactionCommonService.lambda$getPercentileAggregates$6(TransactionCommonService.java:230)
	at java.base/java.util.concurrent.CompletableFuture.uniApplyNow(Unknown Source)
	at java.base/java.util.concurrent.CompletableFuture.uniApplyStage(Unknown Source)
	at java.base/java.util.concurrent.CompletableFuture.thenApply(Unknown Source)
	at org.glowroot.agent.embedded.shaded.org.glowroot.ui.TransactionCommonService.lambda$getPercentileAggregates$7(TransactionCommonService.java:228)
	at java.base/java.util.concurrent.CompletableFuture.uniComposeStage(Unknown Source)
	at java.base/java.util.concurrent.CompletableFuture.thenCompose(Unknown Source)
	at java.base/java.util.concurrent.CompletableFuture.thenCompose(Unknown Source)
	at org.glowroot.agent.embedded.shaded.org.glowroot.ui.TransactionCommonService.getPercentileAggregates(TransactionCommonService.java:203)
	... 39 common frames omitted
2026-03-03 10:00:14.023 ERROR o.g.a.e.s.o.g.ui.CommonHandler - java.lang.UnsupportedOperationException
java.util.concurrent.ExecutionException: java.lang.UnsupportedOperationException
	at java.base/java.util.concurrent.CompletableFuture.reportGet(Unknown Source)
	at java.base/java.util.concurrent.CompletableFuture.get(Unknown Source)
	at org.glowroot.agent.embedded.shaded.org.glowroot.ui.TransactionJsonService.getPercentiles(TransactionJsonService.java:156)
	at java.base/jdk.internal.reflect.DirectMethodHandleAccessor.invoke(Unknown Source)
	at java.base/java.lang.reflect.Method.invoke(Unknown Source)
	at org.glowroot.agent.embedded.shaded.org.glowroot.ui.CommonHandler.callMethod(CommonHandler.java:585)
	at org.glowroot.agent.embedded.shaded.org.glowroot.ui.CommonHandler.handleJsonServiceMappings(CommonHandler.java:324)
	at org.glowroot.agent.embedded.shaded.org.glowroot.ui.CommonHandler.handleRequest(CommonHandler.java:235)
	at org.glowroot.agent.embedded.shaded.org.glowroot.ui.CommonHandler.handle(CommonHandler.java:159)
	at org.glowroot.agent.embedded.shaded.org.glowroot.ui.HttpServerHandler.channelRead(HttpServerHandler.java:128)
	at org.glowroot.agent.shaded.io.netty.channel.AbstractChannelHandlerContext.invokeChannelRead(AbstractChannelHandlerContext.java:444)
	at org.glowroot.agent.shaded.io.netty.channel.AbstractChannelHandlerContext.invokeChannelRead(AbstractChannelHandlerContext.java:420)
	at org.glowroot.agent.shaded.io.netty.channel.AbstractChannelHandlerContext.fireChannelRead(AbstractChannelHandlerContext.java:412)
	at org.glowroot.agent.shaded.io.netty.handler.codec.MessageToMessageDecoder.channelRead(MessageToMessageDecoder.java:103)
	at org.glowroot.agent.shaded.io.netty.handler.codec.MessageToMessageCodec.channelRead(MessageToMessageCodec.java:111)
	at org.glowroot.agent.shaded.io.netty.channel.AbstractChannelHandlerContext.invokeChannelRead(AbstractChannelHandlerContext.java:442)
	at org.glowroot.agent.shaded.io.netty.channel.AbstractChannelHandlerContext.invokeChannelRead(AbstractChannelHandlerContext.java:420)
	at org.glowroot.agent.shaded.io.netty.channel.AbstractChannelHandlerContext.fireChannelRead(AbstractChannelHandlerContext.java:412)
	at org.glowroot.agent.shaded.io.netty.handler.codec.MessageToMessageDecoder.channelRead(MessageToMessageDecoder.java:103)
	at org.glowroot.agent.shaded.io.netty.channel.AbstractChannelHandlerContext.invokeChannelRead(AbstractChannelHandlerContext.java:444)
	at org.glowroot.agent.shaded.io.netty.channel.AbstractChannelHandlerContext.invokeChannelRead(AbstractChannelHandlerContext.java:420)
	at org.glowroot.agent.shaded.io.netty.channel.AbstractChannelHandlerContext.fireChannelRead(AbstractChannelHandlerContext.java:412)
	at org.glowroot.agent.shaded.io.netty.channel.CombinedChannelDuplexHandler$DelegatingChannelHandlerContext.fireChannelRead(CombinedChannelDuplexHandler.java:436)
	at org.glowroot.agent.shaded.io.netty.handler.codec.ByteToMessageDecoder.fireChannelRead(ByteToMessageDecoder.java:346)
	at org.glowroot.agent.shaded.io.netty.handler.codec.ByteToMessageDecoder.channelRead(ByteToMessageDecoder.java:318)
	at org.glowroot.agent.shaded.io.netty.channel.CombinedChannelDuplexHandler.channelRead(CombinedChannelDuplexHandler.java:251)
	at org.glowroot.agent.shaded.io.netty.channel.AbstractChannelHandlerContext.invokeChannelRead(AbstractChannelHandlerContext.java:442)
	at org.glowroot.agent.shaded.io.netty.channel.AbstractChannelHandlerContext.invokeChannelRead(AbstractChannelHandlerContext.java:420)
	at org.glowroot.agent.shaded.io.netty.channel.AbstractChannelHandlerContext.fireChannelRead(AbstractChannelHandlerContext.java:412)
	at org.glowroot.agent.shaded.io.netty.channel.DefaultChannelPipeline$HeadContext.channelRead(DefaultChannelPipeline.java:1407)
	at org.glowroot.agent.shaded.io.netty.channel.AbstractChannelHandlerContext.invokeChannelRead(AbstractChannelHandlerContext.java:440)
	at org.glowroot.agent.shaded.io.netty.channel.AbstractChannelHandlerContext.invokeChannelRead(AbstractChannelHandlerContext.java:420)
	at org.glowroot.agent.shaded.io.netty.channel.DefaultChannelPipeline.fireChannelRead(DefaultChannelPipeline.java:918)
	at org.glowroot.agent.shaded.io.netty.channel.nio.AbstractNioByteChannel$NioByteUnsafe.read(AbstractNioByteChannel.java:166)
	at org.glowroot.agent.shaded.io.netty.channel.nio.NioEventLoop.processSelectedKey(NioEventLoop.java:788)
	at org.glowroot.agent.shaded.io.netty.channel.nio.NioEventLoop.processSelectedKeysOptimized(NioEventLoop.java:724)
	at org.glowroot.agent.shaded.io.netty.channel.nio.NioEventLoop.processSelectedKeys(NioEventLoop.java:650)
	at org.glowroot.agent.shaded.io.netty.channel.nio.NioEventLoop.run(NioEventLoop.java:562)
	at org.glowroot.agent.shaded.io.netty.util.concurrent.SingleThreadEventExecutor$4.run(SingleThreadEventExecutor.java:994)
	at org.glowroot.agent.shaded.io.netty.util.internal.ThreadExecutorMap$2.run(ThreadExecutorMap.java:74)
	at java.base/java.lang.Thread.run(Unknown Source)
Caused by: java.lang.UnsupportedOperationException: null
	at org.glowroot.agent.shaded.com.google.common.collect.ImmutableCollection.addAll(ImmutableCollection.java:297)
	at org.glowroot.agent.embedded.shaded.org.glowroot.ui.TransactionCommonService.lambda$getPercentileAggregates$6(TransactionCommonService.java:230)
	at java.base/java.util.concurrent.CompletableFuture.uniApplyNow(Unknown Source)
	at java.base/java.util.concurrent.CompletableFuture.uniApplyStage(Unknown Source)
	at java.base/java.util.concurrent.CompletableFuture.thenApply(Unknown Source)
	at org.glowroot.agent.embedded.shaded.org.glowroot.ui.TransactionCommonService.lambda$getPercentileAggregates$7(TransactionCommonService.java:228)
	at java.base/java.util.concurrent.CompletableFuture.uniComposeStage(Unknown Source)
	at java.base/java.util.concurrent.CompletableFuture.thenCompose(Unknown Source)
	at java.base/java.util.concurrent.CompletableFuture.thenCompose(Unknown Source)
	at org.glowroot.agent.embedded.shaded.org.glowroot.ui.TransactionCommonService.getPercentileAggregates(TransactionCommonService.java:203)
	... 39 common frames omitted
2026-03-03 10:04:51.164 INFO  org.glowroot - Glowroot version: 0.14.4, built 2025-05-07 00:19:18 +0000
2026-03-03 10:04:51.178 INFO  org.glowroot - Java version: 21.0.10 (Eclipse Adoptium / Linux)
2026-03-03 10:04:51.180 INFO  org.glowroot - Java args: -javaagent:/opt/glowroot/glowroot.jar
2026-03-03 10:05:04.576 INFO  org.glowroot - UI listening on 0.0.0.0:4000
2026-03-03 13:52:18.885 INFO  org.glowroot - Glowroot version: 0.14.4, built 2025-05-07 00:19:18 +0000
2026-03-03 13:52:18.899 INFO  org.glowroot - Java version: 21.0.10 (Eclipse Adoptium / Linux)
2026-03-03 13:52:18.901 INFO  org.glowroot - Java args: -javaagent:/opt/glowroot/glowroot.jar
2026-03-03 13:52:29.745 INFO  org.glowroot - UI listening on 0.0.0.0:4000
2026-03-03 14:31:10.033 INFO  org.glowroot - Glowroot version: 0.14.4, built 2025-05-07 00:19:18 +0000
2026-03-03 14:31:10.045 INFO  org.glowroot - Java version: 21.0.10 (Eclipse Adoptium / Linux)
2026-03-03 14:31:10.047 INFO  org.glowroot - Java args: -javaagent:/opt/glowroot/glowroot.jar
2026-03-03 14:31:19.328 INFO  org.glowroot - UI listening on 0.0.0.0:4000
2026-03-03 15:15:25.101 INFO  org.glowroot - Glowroot version: 0.14.4, built 2025-05-07 00:19:18 +0000
2026-03-03 15:15:25.150 INFO  org.glowroot - Java version: 21.0.10 (Eclipse Adoptium / Linux)
2026-03-03 15:15:25.155 INFO  org.glowroot - Java args: -javaagent:/opt/glowroot/glowroot.jar
2026-03-03 15:15:38.186 INFO  org.glowroot - UI listening on 0.0.0.0:4000
2026-03-03 16:38:28.023 INFO  org.glowroot - Glowroot version: 0.14.4, built 2025-05-07 00:19:18 +0000
2026-03-03 16:38:28.047 INFO  org.glowroot - Java version: 21.0.10 (Eclipse Adoptium / Linux)
2026-03-03 16:38:28.049 INFO  org.glowroot - Java args: -javaagent:/opt/glowroot/glowroot.jar
2026-03-03 16:38:39.293 INFO  org.glowroot - UI listening on 0.0.0.0:4000
2026-03-03 17:18:33.084 INFO  org.glowroot - Glowroot version: 0.14.4, built 2025-05-07 00:19:18 +0000
2026-03-03 17:18:33.097 INFO  org.glowroot - Java version: 21.0.10 (Eclipse Adoptium / Linux)
2026-03-03 17:18:33.098 INFO  org.glowroot - Java args: -javaagent:/opt/glowroot/glowroot.jar
2026-03-03 17:18:45.580 INFO  org.glowroot - UI listening on 0.0.0.0:4000
2026-03-03 17:56:33.065 INFO  org.glowroot - Glowroot version: 0.14.4, built 2025-05-07 00:19:18 +0000
2026-03-03 17:56:33.084 INFO  org.glowroot - Java version: 21.0.10 (Eclipse Adoptium / Linux)
2026-03-03 17:56:33.085 INFO  org.glowroot - Java args: -javaagent:/opt/glowroot/glowroot.jar
2026-03-03 17:56:42.935 INFO  org.glowroot - UI listening on 0.0.0.0:4000
